2018-03-20 15:54:21,969 [INFO] from application in play-dev-mode-akka.actor.default-dispatcher-4 - Creating Pool for datasource 'default'
2018-03-20 15:54:22,024 [INFO] from play.api.db.DefaultDBApi in play-dev-mode-akka.actor.default-dispatcher-4 - Database [default] connected at jdbc:h2:file:./data/productsDB
2018-03-20 15:54:22,873 [WARN] from org.hibernate.validator.messageinterpolation.ParameterMessageInterpolator in play-dev-mode-akka.actor.default-dispatcher-4 - HV000184: ParameterMessageInterpolator has been chosen, EL interpolation will not be supported
2018-03-20 15:54:23,042 [INFO] from play.api.http.EnabledFilters in play-dev-mode-akka.actor.default-dispatcher-4 - Enabled Filters (see <https://www.playframework.com/documentation/latest/Filters>):

    play.filters.csrf.CSRFFilter
    play.filters.headers.SecurityHeadersFilter
    play.filters.hosts.AllowedHostsFilter

2018-03-20 15:54:23,046 [INFO] from play.api.Play in play-dev-mode-akka.actor.default-dispatcher-4 - Application started (Dev)
2018-03-20 15:55:03,587 [INFO] from application in application-akka.actor.default-dispatcher-5 - Shutting down connection pool.
2018-03-20 15:55:03,722 [INFO] from application in play-dev-mode-akka.actor.default-dispatcher-20 - Creating Pool for datasource 'default'
2018-03-20 15:55:03,728 [INFO] from play.api.db.DefaultDBApi in play-dev-mode-akka.actor.default-dispatcher-20 - Database [default] connected at jdbc:h2:file:./data/productsDB
2018-03-20 15:55:03,869 [WARN] from org.hibernate.validator.messageinterpolation.ParameterMessageInterpolator in play-dev-mode-akka.actor.default-dispatcher-20 - HV000184: ParameterMessageInterpolator has been chosen, EL interpolation will not be supported
2018-03-20 15:55:03,918 [INFO] from play.api.http.EnabledFilters in play-dev-mode-akka.actor.default-dispatcher-20 - Enabled Filters (see <https://www.playframework.com/documentation/latest/Filters>):

    play.filters.csrf.CSRFFilter
    play.filters.headers.SecurityHeadersFilter
    play.filters.hosts.AllowedHostsFilter

2018-03-20 15:55:03,918 [INFO] from play.api.Play in play-dev-mode-akka.actor.default-dispatcher-20 - Application started (Dev)
2018-03-20 15:56:04,219 [WARN] from play in application-akka.actor.default-dispatcher-4 - You are using status code '200' with flashing, which should only be used with a redirect status!
2018-03-20 15:56:14,963 [WARN] from play in application-akka.actor.default-dispatcher-11 - You are using status code '200' with flashing, which should only be used with a redirect status!
2018-03-20 15:56:17,319 [WARN] from play in application-akka.actor.default-dispatcher-4 - You are using status code '200' with flashing, which should only be used with a redirect status!
2018-03-20 15:56:38,523 [INFO] from play.core.server.AkkaHttpServer in pool-146-thread-3 - Stopping server...
2018-03-20 15:56:38,536 [INFO] from application in application-akka.actor.default-dispatcher-6 - Shutting down connection pool.
